<?xml version="1.0" encoding="UTF-8"?>
<!-- Generated by org.testng.reporters.JUnitReportReporter -->
<testsuite hostname="DESKTOP-GFNEFC4" failures="0" tests="7" name="com.qc.pom.test.POMtest" time="2.883" errors="0" timestamp="2024-04-19T20:47:45 IST" skipped="0">
  <testcase classname="com.qc.pom.test.POMtest" name="doLogin" time="0.298"/>
  <testcase classname="com.qc.pom.test.POMtest" name="doLogin" time="0.332"/>
  <testcase classname="com.qc.pom.test.POMtest" name="doLogin" time="0.298"/>
  <testcase classname="com.qc.pom.test.POMtest" name="doLogin" time="0.326"/>
  <testcase classname="com.qc.pom.test.POMtest" name="doLogin" time="0.763"/>
  <testcase classname="com.qc.pom.test.POMtest" name="doLogin" time="0.553"/>
  <testcase classname="com.qc.pom.test.POMtest" name="doLogin" time="0.313"/>
</testsuite> <!-- com.qc.pom.test.POMtest -->
